<?xml version="1.0" encoding="UTF-8"?>
<testsuite xmlns:xsi="http://www.w3.org/2001/XMLSchema-instance" xsi:noNamespaceSchemaLocation="https://maven.apache.org/surefire/maven-surefire-plugin/xsd/surefire-test-report-3.0.xsd" version="3.0" name="runners.RunnerClass" time="44.109" tests="1" errors="0" skipped="0" failures="1">
  <properties>
[...]
</properties>
  <testcase name="Adding employees from excel file" classname="This feature is  going to add employees in HRMS application" time="43.551">
    <failure message="expected:&lt;[14723353 maks32 MS noori]&gt; but was:&lt;[No Records Found]&gt;" type="org.junit.ComparisonFailure"><![CDATA[org.junit.ComparisonFailure: expected:<[14723353 maks32 MS noori]> but was:<[No Records Found]>
	at org.junit.Assert.assertEquals(Assert.java:117)
	at org.junit.Assert.assertEquals(Assert.java:146)
	at steps.AddEmployeeSteps.user_adds_multiple_employees_from_excel_file_using_sheet_and_verify_the_employee_has_added(AddEmployeeSteps.java:141)
	at ✽.user adds multiple employees from excel file using "employeeData" sheet and verify the employee has added(file:///C:/Users/Aimal/IdeaProjects/CucumberBatchs13/src/test/resources/features/AddEmployee.feature:45)
]]></failure>
    <system-out><![CDATA[
@excel
Scenario: Adding employees from excel file                                                                       # src/test/resources/features/AddEmployee.feature:44
  When user enters valid admin username and password                                                             # steps.LoginSteps.user_enters_valid_admin_username_and_password()
  And user clicks on login button                                                                                # steps.LoginSteps.user_clicks_on_login_button()
Test passed
  Then admin user is successfully logged in                                                                      # steps.LoginSteps.admin_user_is_successfully_logged_in()
  When user clicks on PIM option                                                                                 # steps.EmployeeSearchSteps.user_clicks_on_pim_option()
  And user clicks on add employee option                                                                         # steps.AddEmployeeSteps.user_clicks_on_add_employee_option()
14723353
I am inside the loop
No Records Found
14723353 maks32 MS noori
  When user adds multiple employees from excel file using "employeeData" sheet and verify the employee has added # steps.AddEmployeeSteps.user_adds_multiple_employees_from_excel_file_using_sheet_and_verify_the_employee_has_added(java.lang.String)
      org.junit.ComparisonFailure: expected:<[14723353 maks32 MS noori]> but was:<[No Records Found]>
	at org.junit.Assert.assertEquals(Assert.java:117)
	at org.junit.Assert.assertEquals(Assert.java:146)
	at steps.AddEmployeeSteps.user_adds_multiple_employees_from_excel_file_using_sheet_and_verify_the_employee_has_added(AddEmployeeSteps.java:141)
	at ✽.user adds multiple employees from excel file using "employeeData" sheet and verify the employee has added(file:///C:/Users/Aimal/IdeaProjects/CucumberBatchs13/src/test/resources/features/AddEmployee.feature:45)


    Embedding Adding employees from excel file [image/png 55894 bytes]

]]></system-out>
    <system-err><![CDATA[SLF4J: Failed to load class "org.slf4j.impl.StaticLoggerBinder".
SLF4J: Defaulting to no-operation (NOP) logger implementation
SLF4J: See http://www.slf4j.org/codes.html#StaticLoggerBinder for further details.
Starting ChromeDriver 104.0.5112.79 (3cf3e8c8a07d104b9e1260c910efb8f383285dc5-refs/branch-heads/5112@{#1307}) on port 12673
Only local connections are allowed.
Please see https://chromedriver.chromium.org/security-considerations for suggestions on keeping ChromeDriver safe.
ChromeDriver was started successfully.
Aug 24, 2022 4:30:48 PM org.openqa.selenium.remote.ProtocolHandshake createSession
INFO: Detected dialect: W3C
]]></system-err>
  </testcase>
</testsuite>